<?xml version="1.0" encoding="UTF-8"?>
<!-- Generated by org.testng.reporters.JUnitXMLReporter -->
<testsuite ignored="0" hostname="DESKTOP-SSF70G1" failures="0" tests="4" name="Test" time="6.902" errors="0" timestamp="2024-09-09T16:59:44 IST">
  <testcase classname="com.myntrajio.RegisterTest.RegisterTest" name="registerValidateRegisterButtonColor" time="0.228"/>
  <testcase classname="com.myntrajio.RegisterTest.RegisterTest" name="registerValidateRegisterButtonPosition" time="0.109"/>
  <testcase classname="com.myntrajio.RegisterTest.RegisterTest" name="registerValidateRegisterButtonSize" time="0.084"/>
  <testcase classname="com.myntrajio.RegisterTest.RegisterTest" name="register_validData" time="3.271"/>
</testsuite> <!-- Test -->
