<?xml version="1.0" encoding="UTF-8"?>
<!-- Generated by org.testng.reporters.JUnitXMLReporter -->
<testsuite ignored="0" hostname="DESKTOP-SSF70G1" failures="0" tests="4" name="Test" time="13.078" errors="0" timestamp="2024-09-11T17:17:53 IST">
  <testcase classname="com.myntrajio.RegisterTest.RegisterTest" name="registerValidateRegisterButtonColor" time="0.19"/>
  <testcase classname="com.myntrajio.RegisterTest.RegisterTest" name="registerValidateRegisterButtonPosition" time="0.086"/>
  <testcase classname="com.myntrajio.RegisterTest.RegisterTest" name="registerValidateRegisterButtonSize" time="0.083"/>
  <testcase classname="com.myntrajio.RegisterTest.RegisterTest" name="register_validData" time="8.562"/>
</testsuite> <!-- Test -->
