<?xml version="1.0" encoding="UTF-8"?>
<testng-results ignored="0" total="4" passed="4" failed="0" skipped="0">
  <reporter-output>
    <line>
      <![CDATA[Get SuiteConnections Done Sucessful]]>
    </line>
    <line>
      <![CDATA[precondition Done Sucessful]]>
    </line>
    <line>
      <![CDATA[BrowserSetup:chrome Sucessful]]>
    </line>
    <line>
      <![CDATA[login Sucessful]]>
    </line>
    <line>
      <![CDATA[----registerValidateRegisterButtonColorCompleted----]]>
    </line>
    <line>
      <![CDATA[RegisterButtonColor Validated]]>
    </line>
    <line>
      <![CDATA[Logout Sucessful]]>
    </line>
    <line>
      <![CDATA[login Sucessful]]>
    </line>
    <line>
      <![CDATA[----registerValidateRegisterButtonPositionCompleted----]]>
    </line>
    <line>
      <![CDATA[RegisterButtonPosition Validated]]>
    </line>
    <line>
      <![CDATA[Logout Sucessful]]>
    </line>
    <line>
      <![CDATA[login Sucessful]]>
    </line>
    <line>
      <![CDATA[----registerValidateRegisterButtonSizeCompleted----]]>
    </line>
    <line>
      <![CDATA[RegisterButtonSize Validated]]>
    </line>
    <line>
      <![CDATA[Logout Sucessful]]>
    </line>
    <line>
      <![CDATA[login Sucessful]]>
    </line>
    <line>
      <![CDATA[----register_validData----]]>
    </line>
    <line>
      <![CDATA[Registerwith valid data Sucess]]>
    </line>
    <line>
      <![CDATA[Logout Sucessful]]>
    </line>
    <line>
      <![CDATA[Closebrowser Sucessful]]>
    </line>
    <line>
      <![CDATA[postcondition Done Sucessful]]>
    </line>
    <line>
      <![CDATA[Terminate Suiteconnection Done Sucessful]]>
    </line>
  </reporter-output>
  <suite started-at="2024-09-11T17:17:40 IST" name="FunctionalityTestSuite" finished-at="2024-09-11T17:17:53 IST" duration-ms="13078">
    <groups>
    </groups>
    <test started-at="2024-09-11T17:17:40 IST" name="Test" finished-at="2024-09-11T17:17:53 IST" duration-ms="13078">
      <class name="com.myntrajio.RegisterTest.RegisterTest">
        <test-method is-config="true" signature="getSuiteConnections()[pri:0, instance:com.myntrajio.RegisterTest.RegisterTest@7161d8d1]" started-at="2024-09-11T17:17:40 IST" name="getSuiteConnections" finished-at="2024-09-11T17:17:40 IST" duration-ms="10" status="PASS">
          <reporter-output>
            <line>
              <![CDATA[Get SuiteConnections Done Sucessful]]>
            </line>
          </reporter-output>
        </test-method> <!-- getSuiteConnections -->
        <test-method is-config="true" signature="precondition()[pri:0, instance:com.myntrajio.RegisterTest.RegisterTest@7161d8d1]" started-at="2024-09-11T17:17:40 IST" name="precondition" finished-at="2024-09-11T17:17:40 IST" duration-ms="393" status="PASS">
          <reporter-output>
            <line>
              <![CDATA[precondition Done Sucessful]]>
            </line>
          </reporter-output>
        </test-method> <!-- precondition -->
        <test-method is-config="true" signature="browserSetup(java.lang.String)[pri:0, instance:com.myntrajio.RegisterTest.RegisterTest@7161d8d1]" started-at="2024-09-11T17:17:40 IST" name="browserSetup" finished-at="2024-09-11T17:17:43 IST" duration-ms="3049" status="PASS">
          <params>
            <param index="0">
              <value>
                <![CDATA[chrome]]>
              </value>
            </param>
          </params>
          <reporter-output>
            <line>
              <![CDATA[BrowserSetup:chrome Sucessful]]>
            </line>
          </reporter-output>
        </test-method> <!-- browserSetup -->
        <test-method is-config="true" signature="login()[pri:0, instance:com.myntrajio.RegisterTest.RegisterTest@7161d8d1]" started-at="2024-09-11T17:17:43 IST" name="login" finished-at="2024-09-11T17:17:43 IST" duration-ms="1" status="PASS">
          <reporter-output>
            <line>
              <![CDATA[login Sucessful]]>
            </line>
          </reporter-output>
        </test-method> <!-- login -->
        <test-method signature="registerValidateRegisterButtonColor()[pri:0, instance:com.myntrajio.RegisterTest.RegisterTest@7161d8d1]" started-at="2024-09-11T17:17:43 IST" name="registerValidateRegisterButtonColor" finished-at="2024-09-11T17:17:44 IST" duration-ms="190" status="PASS">
          <reporter-output>
            <line>
              <![CDATA[----registerValidateRegisterButtonColorCompleted----]]>
            </line>
            <line>
              <![CDATA[RegisterButtonColor Validated]]>
            </line>
          </reporter-output>
        </test-method> <!-- registerValidateRegisterButtonColor -->
        <test-method is-config="true" signature="Logout()[pri:0, instance:com.myntrajio.RegisterTest.RegisterTest@7161d8d1]" started-at="2024-09-11T17:17:44 IST" name="Logout" finished-at="2024-09-11T17:17:44 IST" duration-ms="1" status="PASS">
          <reporter-output>
            <line>
              <![CDATA[Logout Sucessful]]>
            </line>
          </reporter-output>
        </test-method> <!-- Logout -->
        <test-method signature="registerValidateRegisterButtonPosition()[pri:0, instance:com.myntrajio.RegisterTest.RegisterTest@7161d8d1]" started-at="2024-09-11T17:17:44 IST" name="registerValidateRegisterButtonPosition" finished-at="2024-09-11T17:17:44 IST" duration-ms="86" status="PASS">
          <reporter-output>
            <line>
              <![CDATA[----registerValidateRegisterButtonPositionCompleted----]]>
            </line>
            <line>
              <![CDATA[RegisterButtonPosition Validated]]>
            </line>
          </reporter-output>
        </test-method> <!-- registerValidateRegisterButtonPosition -->
        <test-method is-config="true" signature="login()[pri:0, instance:com.myntrajio.RegisterTest.RegisterTest@7161d8d1]" started-at="2024-09-11T17:17:44 IST" name="login" finished-at="2024-09-11T17:17:44 IST" duration-ms="0" status="PASS">
          <reporter-output>
            <line>
              <![CDATA[login Sucessful]]>
            </line>
          </reporter-output>
        </test-method> <!-- login -->
        <test-method is-config="true" signature="Logout()[pri:0, instance:com.myntrajio.RegisterTest.RegisterTest@7161d8d1]" started-at="2024-09-11T17:17:44 IST" name="Logout" finished-at="2024-09-11T17:17:44 IST" duration-ms="4" status="PASS">
          <reporter-output>
            <line>
              <![CDATA[Logout Sucessful]]>
            </line>
          </reporter-output>
        </test-method> <!-- Logout -->
        <test-method is-config="true" signature="login()[pri:0, instance:com.myntrajio.RegisterTest.RegisterTest@7161d8d1]" started-at="2024-09-11T17:17:44 IST" name="login" finished-at="2024-09-11T17:17:44 IST" duration-ms="1" status="PASS">
          <reporter-output>
            <line>
              <![CDATA[login Sucessful]]>
            </line>
          </reporter-output>
        </test-method> <!-- login -->
        <test-method signature="registerValidateRegisterButtonSize()[pri:0, instance:com.myntrajio.RegisterTest.RegisterTest@7161d8d1]" started-at="2024-09-11T17:17:44 IST" name="registerValidateRegisterButtonSize" finished-at="2024-09-11T17:17:44 IST" duration-ms="83" status="PASS">
          <reporter-output>
            <line>
              <![CDATA[----registerValidateRegisterButtonSizeCompleted----]]>
            </line>
            <line>
              <![CDATA[RegisterButtonSize Validated]]>
            </line>
          </reporter-output>
        </test-method> <!-- registerValidateRegisterButtonSize -->
        <test-method is-config="true" signature="Logout()[pri:0, instance:com.myntrajio.RegisterTest.RegisterTest@7161d8d1]" started-at="2024-09-11T17:17:44 IST" name="Logout" finished-at="2024-09-11T17:17:44 IST" duration-ms="0" status="PASS">
          <reporter-output>
            <line>
              <![CDATA[Logout Sucessful]]>
            </line>
          </reporter-output>
        </test-method> <!-- Logout -->
        <test-method signature="register_validData()[pri:0, instance:com.myntrajio.RegisterTest.RegisterTest@7161d8d1]" started-at="2024-09-11T17:17:44 IST" name="register_validData" finished-at="2024-09-11T17:17:52 IST" duration-ms="8562" status="PASS">
          <reporter-output>
            <line>
              <![CDATA[----register_validData----]]>
            </line>
            <line>
              <![CDATA[Registerwith valid data Sucess]]>
            </line>
          </reporter-output>
        </test-method> <!-- register_validData -->
        <test-method is-config="true" signature="login()[pri:0, instance:com.myntrajio.RegisterTest.RegisterTest@7161d8d1]" started-at="2024-09-11T17:17:44 IST" name="login" finished-at="2024-09-11T17:17:44 IST" duration-ms="0" status="PASS">
          <reporter-output>
            <line>
              <![CDATA[login Sucessful]]>
            </line>
          </reporter-output>
        </test-method> <!-- login -->
        <test-method is-config="true" signature="Logout()[pri:0, instance:com.myntrajio.RegisterTest.RegisterTest@7161d8d1]" started-at="2024-09-11T17:17:52 IST" name="Logout" finished-at="2024-09-11T17:17:52 IST" duration-ms="2" status="PASS">
          <reporter-output>
            <line>
              <![CDATA[Logout Sucessful]]>
            </line>
          </reporter-output>
        </test-method> <!-- Logout -->
        <test-method is-config="true" signature="closebrowser()[pri:0, instance:com.myntrajio.RegisterTest.RegisterTest@7161d8d1]" started-at="2024-09-11T17:17:52 IST" name="closebrowser" finished-at="2024-09-11T17:17:53 IST" duration-ms="154" status="PASS">
          <reporter-output>
            <line>
              <![CDATA[Closebrowser Sucessful]]>
            </line>
          </reporter-output>
        </test-method> <!-- closebrowser -->
        <test-method is-config="true" signature="postcondition()[pri:0, instance:com.myntrajio.RegisterTest.RegisterTest@7161d8d1]" started-at="2024-09-11T17:17:53 IST" name="postcondition" finished-at="2024-09-11T17:17:53 IST" duration-ms="462" status="PASS">
          <reporter-output>
            <line>
              <![CDATA[postcondition Done Sucessful]]>
            </line>
          </reporter-output>
        </test-method> <!-- postcondition -->
        <test-method is-config="true" signature="terminateSuiteconnection()[pri:0, instance:com.myntrajio.RegisterTest.RegisterTest@7161d8d1]" started-at="2024-09-11T17:17:53 IST" name="terminateSuiteconnection" finished-at="2024-09-11T17:17:53 IST" duration-ms="1" status="PASS">
          <reporter-output>
            <line>
              <![CDATA[Terminate Suiteconnection Done Sucessful]]>
            </line>
          </reporter-output>
        </test-method> <!-- terminateSuiteconnection -->
      </class> <!-- com.myntrajio.RegisterTest.RegisterTest -->
    </test> <!-- Test -->
  </suite> <!-- FunctionalityTestSuite -->
</testng-results>
