<?xml version="1.0" encoding="UTF-8"?>
<!-- Generated by org.testng.reporters.JUnitXMLReporter -->
<testsuite ignored="2" hostname="DESKTOP-SSF70G1" failures="0" tests="1" name="ChromeTest" time="0.07" errors="0" timestamp="2024-08-19T10:47:04 IST">
  <testcase classname="com.myntrajio.ElectronicproductTest.ElectronicProductTest" name="addProduct" time="0.011"/>
  <testcase classname="com.myntrajio.ElectronicproductTest.ElectronicProductTest" name="updateProduct1" time="0.0">
    <ignored/>
  </testcase> <!-- updateProduct1 -->
  <testcase classname="com.myntrajio.ElectronicproductTest.ElectronicProductTest" name="removeProduct" time="0.0">
    <ignored/>
  </testcase> <!-- removeProduct -->
</testsuite> <!-- ChromeTest -->
