<?xml version="1.0" encoding="UTF-8"?>
<!-- Generated by org.testng.reporters.JUnitXMLReporter -->
<testsuite ignored="4" hostname="DESKTOP-SSF70G1" failures="0" tests="2" name="EdgeTest" time="0.017" errors="0" timestamp="2024-08-19T10:47:05 IST">
  <testcase classname="com.myntrajio.WomensProductTest.WomensProductTest" name="addproduct" time="0.002"/>
  <testcase classname="com.myntrajio.MensProductTest.MensProductTest$RegisterTest" name="addproduct" time="0.005"/>
  <testcase classname="com.myntrajio.WomensProductTest.WomensProductTest" name="removeProduct" time="0.0">
    <ignored/>
  </testcase> <!-- removeProduct -->
  <testcase classname="com.myntrajio.MensProductTest.MensProductTest$RegisterTest" name="removeProduct" time="0.0">
    <ignored/>
  </testcase> <!-- removeProduct -->
  <testcase classname="com.myntrajio.MensProductTest.MensProductTest$RegisterTest" name="updateProduct1" time="0.0">
    <ignored/>
  </testcase> <!-- updateProduct1 -->
  <testcase classname="com.myntrajio.WomensProductTest.WomensProductTest" name="updateProduct1" time="0.0">
    <ignored/>
  </testcase> <!-- updateProduct1 -->
</testsuite> <!-- EdgeTest -->
