<?xml version="1.0" encoding="UTF-8"?>
<!-- Generated by org.testng.reporters.JUnitXMLReporter -->
<testsuite ignored="2" hostname="DESKTOP-SSF70G1" failures="0" tests="1" name="FirefoxTest" time="0.011" errors="0" timestamp="2024-08-19T10:47:04 IST">
  <testcase classname="com.myntrajio.KidsproductTest.KidsProductTest$RegisterTest" name="addproduct" time="0.003"/>
  <testcase classname="com.myntrajio.KidsproductTest.KidsProductTest$RegisterTest" name="updateProduct1" time="0.0">
    <ignored/>
  </testcase> <!-- updateProduct1 -->
  <testcase classname="com.myntrajio.KidsproductTest.KidsProductTest$RegisterTest" name="removeProduct" time="0.0">
    <ignored/>
  </testcase> <!-- removeProduct -->
</testsuite> <!-- FirefoxTest -->
